[    0.000000] Linux version 4.15.0-121-generic (buildd@lgw01-amd64-034) (gcc version 7.5.0 (Ubuntu 7.5.0-3ubuntu1~18.04)) #123-Ubuntu SMP Mon Oct 5 16:16:40 UTC 2020 (Ubuntu 4.15.0-121.123-generic 4.15.18)
[    0.000000] Command line: BOOT_IMAGE=/boot/vmlinuz-4.15.0-121-generic root=LABEL=cloudimg-rootfs ro console=tty1 console=ttyS0
[    0.000000] KERNEL supported cpus:
[    0.000000]   Intel GenuineIntel
[    0.000000]   AMD AuthenticAMD
[    0.000000]   Centaur CentaurHauls
[    0.000000] x86/fpu: Supporting XSAVE feature 0x001: 'x87 floating point registers'
[    0.000000] x86/fpu: Supporting XSAVE feature 0x002: 'SSE registers'
[    0.000000] x86/fpu: Supporting XSAVE feature 0x004: 'AVX registers'
[    0.000000] x86/fpu: xstate_offset[2]:  576, xstate_sizes[2]:  256
[    0.000000] x86/fpu: Enabled xstate features 0x7, context size is 832 bytes, using 'standard' format.
[    0.000000] e820: BIOS-provided physical RAM map:
[    0.000000] BIOS-e820: [mem 0x0000000000000000-0x000000000009fbff] usable
[    0.000000] BIOS-e820: [mem 0x000000000009fc00-0x000000000009ffff] reserved
[    0.000000] BIOS-e820: [mem 0x00000000000f0000-0x00000000000fffff] reserved
[    0.000000] BIOS-e820: [mem 0x0000000000100000-0x000000003ffeffff] usable
[    0.000000] BIOS-e820: [mem 0x000000003fff0000-0x000000003fffffff] ACPI data
[    0.000000] BIOS-e820: [mem 0x00000000fec00000-0x00000000fec00fff] reserved
[    0.000000] BIOS-e820: [mem 0x00000000fee00000-0x00000000fee00fff] reserved
[    0.000000] BIOS-e820: [mem 0x00000000fffc0000-0x00000000ffffffff] reserved
[    0.000000] NX (Execute Disable) protection: active
[    0.000000] SMBIOS 2.5 present.
[    0.000000] DMI: innotek GmbH VirtualBox/VirtualBox, BIOS VirtualBox 12/01/2006
[    0.000000] Hypervisor detected: KVM
[    0.000000] e820: last_pfn = 0x3fff0 max_arch_pfn = 0x400000000
[    0.000000] MTRR: Disabled
[    0.000000] x86/PAT: MTRRs disabled, skipping PAT initialization too.
[    0.000000] CPU MTRRs all blank - virtualized system.
[    0.000000] x86/PAT: Configuration [0-7]: WB  WT  UC- UC  WB  WT  UC- UC  
[    0.000000] found SMP MP-table at [mem 0x0009fff0-0x0009ffff]
[    0.000000] Scanning 1 areas for low memory corruption
[    0.000000] RAMDISK: [mem 0x35a67000-0x36d2afff]
[    0.000000] ACPI: Early table checksum verification disabled
[    0.000000] ACPI: RSDP 0x00000000000E0000 000024 (v02 VBOX  )
[    0.000000] ACPI: XSDT 0x000000003FFF0030 00003C (v01 VBOX   VBOXXSDT 00000001 ASL  00000061)
[    0.000000] ACPI: FACP 0x000000003FFF00F0 0000F4 (v04 VBOX   VBOXFACP 00000001 ASL  00000061)
[    0.000000] ACPI: DSDT 0x000000003FFF0470 002325 (v02 VBOX   VBOXBIOS 00000002 INTL 20100528)
[    0.000000] ACPI: FACS 0x000000003FFF0200 000040
[    0.000000] ACPI: FACS 0x000000003FFF0200 000040
[    0.000000] ACPI: APIC 0x000000003FFF0240 00005C (v02 VBOX   VBOXAPIC 00000001 ASL  00000061)
[    0.000000] ACPI: SSDT 0x000000003FFF02A0 0001CC (v01 VBOX   VBOXCPUT 00000002 INTL 20100528)
[    0.000000] No NUMA configuration found
[    0.000000] Faking a node at [mem 0x0000000000000000-0x000000003ffeffff]
[    0.000000] NODE_DATA(0) allocated [mem 0x3ffc5000-0x3ffeffff]
[    0.000000] kvm-clock: cpu 0, msr 0:3ff44001, primary cpu clock
[    0.000000] kvm-clock: Using msrs 4b564d01 and 4b564d00
[    0.000000] kvm-clock: using sched offset of 3715627694 cycles
[    0.000000] clocksource: kvm-clock: mask: 0xffffffffffffffff max_cycles: 0x1cd42e4dffb, max_idle_ns: 881590591483 ns
[    0.000000] Zone ranges:
[    0.000000]   DMA      [mem 0x0000000000001000-0x0000000000ffffff]
[    0.000000]   DMA32    [mem 0x0000000001000000-0x000000003ffeffff]
[    0.000000]   Normal   empty
[    0.000000]   Device   empty
[    0.000000] Movable zone start for each node
[    0.000000] Early memory node ranges
[    0.000000]   node   0: [mem 0x0000000000001000-0x000000000009efff]
[    0.000000]   node   0: [mem 0x0000000000100000-0x000000003ffeffff]
[    0.000000] Reserved but unavailable: 98 pages
[    0.000000] Initmem setup node 0 [mem 0x0000000000001000-0x000000003ffeffff]
[    0.000000] ACPI: PM-Timer IO Port: 0x4008
[    0.000000] IOAPIC[0]: apic_id 2, version 32, address 0xfec00000, GSI 0-23
[    0.000000] ACPI: INT_SRC_OVR (bus 0 bus_irq 0 global_irq 2 dfl dfl)
[    0.000000] ACPI: INT_SRC_OVR (bus 0 bus_irq 9 global_irq 9 low level)
[    0.000000] Using ACPI (MADT) for SMP configuration information
[    0.000000] smpboot: Allowing 2 CPUs, 0 hotplug CPUs
[    0.000000] PM: Registered nosave memory: [mem 0x00000000-0x00000fff]
[    0.000000] PM: Registered nosave memory: [mem 0x0009f000-0x0009ffff]
[    0.000000] PM: Registered nosave memory: [mem 0x000a0000-0x000effff]
[    0.000000] PM: Registered nosave memory: [mem 0x000f0000-0x000fffff]
[    0.000000] e820: [mem 0x40000000-0xfebfffff] available for PCI devices
[    0.000000] Booting paravirtualized kernel on KVM
[    0.000000] clocksource: refined-jiffies: mask: 0xffffffff max_cycles: 0xffffffff, max_idle_ns: 7645519600211568 ns
[    0.000000] random: get_random_bytes called from start_kernel+0x99/0x500 with crng_init=0
[    0.000000] setup_percpu: NR_CPUS:8192 nr_cpumask_bits:2 nr_cpu_ids:2 nr_node_ids:1
[    0.000000] percpu: Embedded 45 pages/cpu s147456 r8192 d28672 u1048576
[    0.000000] PV qspinlock hash table entries: 256 (order: 0, 4096 bytes)
[    0.000000] Built 1 zonelists, mobility grouping on.  Total pages: 257913
[    0.000000] Policy zone: DMA32
[    0.000000] Kernel command line: BOOT_IMAGE=/boot/vmlinuz-4.15.0-121-generic root=LABEL=cloudimg-rootfs ro console=tty1 console=ttyS0
[    0.000000] Memory: 983032K/1048120K available (12300K kernel code, 2482K rwdata, 4272K rodata, 2436K init, 2724K bss, 65088K reserved, 0K cma-reserved)
[    0.000000] SLUB: HWalign=64, Order=0-3, MinObjects=0, CPUs=2, Nodes=1
[    0.000000] Kernel/User page tables isolation: enabled
[    0.000000] ftrace: allocating 39402 entries in 154 pages
[    0.004000] Hierarchical RCU implementation.
[    0.004000] 	RCU restricting CPUs from NR_CPUS=8192 to nr_cpu_ids=2.
[    0.004000] 	Tasks RCU enabled.
[    0.004000] RCU: Adjusting geometry for rcu_fanout_leaf=16, nr_cpu_ids=2
[    0.004000] NR_IRQS: 524544, nr_irqs: 440, preallocated irqs: 16
[    0.004000] Console: colour VGA+ 80x25
[    0.004000] console [tty1] enabled
[    0.004000] console [ttyS0] enabled
[    0.004000] ACPI: Core revision 20170831
[    0.004000] ACPI: 2 ACPI AML tables successfully acquired and loaded
[    0.004000] APIC: Switch to symmetric I/O mode setup
[    0.004000] x2apic enabled
[    0.004000] Switched APIC routing to physical x2apic.
[    0.004000] ..TIMER: vector=0x30 apic1=0 pin1=2 apic2=-1 pin2=-1
[    0.004005] tsc: Detected 2494.226 MHz processor
[    0.004871] Calibrating delay loop (skipped) preset value.. 4988.45 BogoMIPS (lpj=9976904)
[    0.005462] pid_max: default: 32768 minimum: 301
[    0.006426] Security Framework initialized
[    0.008003] Yama: becoming mindful.
[    0.008741] AppArmor: AppArmor initialized
[    0.011193] Dentry cache hash table entries: 131072 (order: 8, 1048576 bytes)
[    0.012075] Inode-cache hash table entries: 65536 (order: 7, 524288 bytes)
[    0.013236] Mount-cache hash table entries: 2048 (order: 2, 16384 bytes)
[    0.014515] Mountpoint-cache hash table entries: 2048 (order: 2, 16384 bytes)
[    0.016238] Last level iTLB entries: 4KB 1024, 2MB 1024, 4MB 1024
[    0.017354] Last level dTLB entries: 4KB 1024, 2MB 1024, 4MB 1024, 1GB 4
[    0.018560] Spectre V1 : Mitigation: usercopy/swapgs barriers and __user pointer sanitization
[    0.020003] Spectre V2 : Mitigation: Full generic retpoline
[    0.021067] Spectre V2 : Spectre v2 / SpectreRSB mitigation: Filling RSB on context switch
[    0.022526] Speculative Store Bypass: Vulnerable
[    0.024042] SRBDS: Unknown: Dependent on hypervisor status
[    0.025029] MDS: Mitigation: Clear CPU buffers
[    0.025955] Freeing SMP alternatives memory: 36K
[    0.136466] smpboot: CPU0: Intel(R) Core(TM) i7-4870HQ CPU @ 2.50GHz (family: 0x6, model: 0x46, stepping: 0x1)
[    0.138439] Performance Events: unsupported p6 CPU model 70 no PMU driver, software events only.
[    0.140031] Hierarchical SRCU implementation.
[    0.141377] NMI watchdog: Perf event create on CPU 0 failed with -2
[    0.142690] NMI watchdog: Perf NMI watchdog permanently disabled
[    0.143787] smp: Bringing up secondary CPUs ...
[    0.144070] x86: Booting SMP configuration:
[    0.144859] .... node  #0, CPUs:      #1
[    0.004000] kvm-clock: cpu 1, msr 0:3ff44041, secondary cpu clock
[    0.148028] smp: Brought up 1 node, 2 CPUs
[    0.148895] smpboot: Max logical packages: 1
[    0.149717] smpboot: Total of 2 processors activated (9976.90 BogoMIPS)
[    0.152118] devtmpfs: initialized
[    0.152791] x86/mm: Memory block size: 128MB
[    0.153739] evm: security.selinux
[    0.154382] evm: security.SMACK64
[    0.156003] evm: security.SMACK64EXEC
[    0.156780] evm: security.SMACK64TRANSMUTE
[    0.157700] evm: security.SMACK64MMAP
[    0.158396] evm: security.apparmor
[    0.159115] evm: security.ima
[    0.160004] evm: security.capability
[    0.160814] clocksource: jiffies: mask: 0xffffffff max_cycles: 0xffffffff, max_idle_ns: 7645041785100000 ns
[    0.162049] futex hash table entries: 512 (order: 3, 32768 bytes)
[    0.165569] pinctrl core: initialized pinctrl subsystem
[    0.166681] RTC time: 17:30:13, date: 11/25/20
[    0.168149] NET: Registered protocol family 16
[    0.169253] audit: initializing netlink subsys (disabled)
[    0.170290] audit: type=2000 audit(1606325417.743:1): state=initialized audit_enabled=0 res=1
[    0.172010] cpuidle: using governor ladder
[    0.172760] cpuidle: using governor menu
[    0.173562] ACPI: bus type PCI registered
[    0.174291] acpiphp: ACPI Hot Plug PCI Controller Driver version: 0.5
[    0.176020] PCI: Using configuration type 1 for base access
[    0.177116] HugeTLB registered 2.00 MiB page size, pre-allocated 0 pages
[    0.180065] ACPI: Added _OSI(Module Device)
[    0.180837] ACPI: Added _OSI(Processor Device)
[    0.181730] ACPI: Added _OSI(3.0 _SCP Extensions)
[    0.182721] ACPI: Added _OSI(Processor Aggregator Device)
[    0.183762] ACPI: Added _OSI(Linux-Dell-Video)
[    0.184004] ACPI: Added _OSI(Linux-Lenovo-NV-HDMI-Audio)
[    0.185058] ACPI: Added _OSI(Linux-HPI-Hybrid-Graphics)
[    0.186411] ACPI: Executed 1 blocks of module-level executable AML code
[    0.190838] ACPI: Interpreter enabled
[    0.191594] ACPI: (supports S0 S5)
[    0.192003] ACPI: Using IOAPIC for interrupt routing
[    0.193089] PCI: Using host bridge windows from ACPI; if necessary, use "pci=nocrs" and report a bug
[    0.195069] ACPI: Enabled 2 GPEs in block 00 to 07
[    0.203931] ACPI: PCI Root Bridge [PCI0] (domain 0000 [bus 00-ff])
[    0.204007] acpi PNP0A03:00: _OSC: OS supports [ASPM ClockPM Segments MSI]
[    0.205787] acpi PNP0A03:00: _OSC: not requesting OS control; OS requires [ExtendedConfig ASPM ClockPM MSI]
[    0.208013] acpi PNP0A03:00: fail to add MMCONFIG information, can't access extended PCI configuration space under this bridge.
[    0.210598] PCI host bridge to bus 0000:00
[    0.212004] pci_bus 0000:00: root bus resource [io  0x0000-0x0cf7 window]
[    0.213202] pci_bus 0000:00: root bus resource [io  0x0d00-0xffff window]
[    0.214410] pci_bus 0000:00: root bus resource [mem 0x000a0000-0x000bffff window]
[    0.216002] pci_bus 0000:00: root bus resource [mem 0x40000000-0xfdffffff window]
[    0.217444] pci_bus 0000:00: root bus resource [bus 00-ff]
[    0.221196] pci 0000:00:01.1: legacy IDE quirk: reg 0x10: [io  0x01f0-0x01f7]
[    0.222546] pci 0000:00:01.1: legacy IDE quirk: reg 0x14: [io  0x03f6]
[    0.223807] pci 0000:00:01.1: legacy IDE quirk: reg 0x18: [io  0x0170-0x0177]
[    0.224003] pci 0000:00:01.1: legacy IDE quirk: reg 0x1c: [io  0x0376]
[    0.240340] pci 0000:00:07.0: quirk: [io  0x4000-0x403f] claimed by PIIX4 ACPI
[    0.241862] pci 0000:00:07.0: quirk: [io  0x4100-0x410f] claimed by PIIX4 SMB
[    0.249067] ACPI: PCI Interrupt Link [LNKA] (IRQs 5 9 10 *11)
[    0.250573] ACPI: PCI Interrupt Link [LNKB] (IRQs 5 9 *10 11)
[    0.251762] ACPI: PCI Interrupt Link [LNKC] (IRQs 5 *9 10 11)
[    0.252146] ACPI: PCI Interrupt Link [LNKD] (IRQs 5 9 10 *11)
[    0.253613] SCSI subsystem initialized
[    0.254374] pci 0000:00:02.0: vgaarb: setting as boot VGA device
[    0.254374] pci 0000:00:02.0: vgaarb: VGA device added: decodes=io+mem,owns=io+mem,locks=none
[    0.256009] pci 0000:00:02.0: vgaarb: bridge control possible
[    0.257136] vgaarb: loaded
[    0.260028] ACPI: bus type USB registered
[    0.260834] usbcore: registered new interface driver usbfs
[    0.261904] usbcore: registered new interface driver hub
[    0.262882] usbcore: registered new device driver usb
[    0.264016] EDAC MC: Ver: 3.0.0
[    0.264940] PCI: Using ACPI for IRQ routing
[    0.265165] NetLabel: Initializing
[    0.265885] NetLabel:  domain hash size = 128
[    0.268002] NetLabel:  protocols = UNLABELED CIPSOv4 CALIPSO
[    0.268998] NetLabel:  unlabeled traffic allowed by default
[    0.270102] clocksource: Switched to clocksource kvm-clock
[    0.281284] VFS: Disk quotas dquot_6.6.0
[    0.282104] VFS: Dquot-cache hash table entries: 512 (order 0, 4096 bytes)
[    0.283389] AppArmor: AppArmor Filesystem Enabled
[    0.284304] pnp: PnP ACPI init
[    0.286361] pnp: PnP ACPI: found 3 devices
[    0.295869] clocksource: acpi_pm: mask: 0xffffff max_cycles: 0xffffff, max_idle_ns: 2085701024 ns
[    0.297714] NET: Registered protocol family 2
[    0.298707] TCP established hash table entries: 8192 (order: 4, 65536 bytes)
[    0.300139] TCP bind hash table entries: 8192 (order: 5, 131072 bytes)
[    0.302664] TCP: Hash tables configured (established 8192 bind 8192)
[    0.303901] UDP hash table entries: 512 (order: 2, 16384 bytes)
[    0.305064] UDP-Lite hash table entries: 512 (order: 2, 16384 bytes)
[    0.306190] NET: Registered protocol family 1
[    0.307008] pci 0000:00:00.0: Limiting direct PCI/PCI transfers
[    0.308126] pci 0000:00:01.0: Activating ISA DMA hang workarounds
[    0.309397] pci 0000:00:02.0: Video device with shadowed ROM at [mem 0x000c0000-0x000dffff]
[    0.311021] Unpacking initramfs...
[    0.558305] Freeing initrd memory: 19216K
[    0.559227] clocksource: tsc: mask: 0xffffffffffffffff max_cycles: 0x23f3eb3743e, max_idle_ns: 440795257847 ns
[    0.561277] platform rtc_cmos: registered platform RTC device (no PNP device found)
[    0.562715] Scanning for low memory corruption every 60 seconds
[    0.564596] Initialise system trusted keyrings
[    0.565699] Key type blacklist registered
[    0.566530] workingset: timestamp_bits=36 max_order=18 bucket_order=0
[    0.568573] zbud: loaded
[    0.569596] squashfs: version 4.0 (2009/01/31) Phillip Lougher
[    0.570955] fuse init (API version 7.26)
[    0.575252] Key type asymmetric registered
[    0.576234] Asymmetric key parser 'x509' registered
[    0.577220] Block layer SCSI generic (bsg) driver version 0.4 loaded (major 246)
[    0.578668] io scheduler noop registered
[    0.579394] io scheduler deadline registered
[    0.580268] io scheduler cfq registered (default)
[    0.581767] ACPI: AC Adapter [AC] (on-line)
[    0.582644] input: Power Button as /devices/LNXSYSTM:00/LNXPWRBN:00/input/input0
[    0.584080] ACPI: Power Button [PWRF]
[    0.584866] input: Sleep Button as /devices/LNXSYSTM:00/LNXSLPBN:00/input/input1
[    0.586204] ACPI: Sleep Button [SLPF]
[    0.588359] ACPI: Battery Slot [BAT0] (battery present)
[    0.589390] Serial: 8250/16550 driver, 32 ports, IRQ sharing enabled
[    0.611752] 00:02: ttyS0 at I/O 0x3f8 (irq = 4, base_baud = 115200) is a 16550A
[    0.617035] Linux agpgart interface v0.103
[    0.619178] loop: module loaded
[    0.620340] scsi host0: ata_piix
[    0.621256] scsi host1: ata_piix
[    0.621966] ata1: PATA max UDMA/33 cmd 0x1f0 ctl 0x3f6 bmdma 0xd000 irq 14
[    0.623280] ata2: PATA max UDMA/33 cmd 0x170 ctl 0x376 bmdma 0xd008 irq 15
[    0.624956] libphy: Fixed MDIO Bus: probed
[    0.625816] tun: Universal TUN/TAP device driver, 1.6
[    0.627047] PPP generic driver version 2.4.2
[    0.628013] ehci_hcd: USB 2.0 'Enhanced' Host Controller (EHCI) Driver
[    0.629363] ehci-pci: EHCI PCI platform driver
[    0.630216] ehci-platform: EHCI generic platform driver
[    0.631222] ohci_hcd: USB 1.1 'Open' Host Controller (OHCI) Driver
[    0.632449] ohci-pci: OHCI PCI platform driver
[    0.633311] ohci-platform: OHCI generic platform driver
[    0.634318] uhci_hcd: USB Universal Host Controller Interface driver
[    0.635628] i8042: PNP: PS/2 Controller [PNP0303:PS2K,PNP0f03:PS2M] at 0x60,0x64 irq 1,12
[    0.637740] serio: i8042 KBD port at 0x60,0x64 irq 1
[    0.639011] serio: i8042 AUX port at 0x60,0x64 irq 12
[    0.640402] mousedev: PS/2 mouse device common for all mice
[    0.641809] input: AT Translated Set 2 keyboard as /devices/platform/i8042/serio0/input/input2
[    0.643883] rtc_cmos rtc_cmos: rtc core: registered rtc_cmos as rtc0
[    0.645405] rtc_cmos rtc_cmos: alarms up to one day, 114 bytes nvram
[    0.646667] i2c /dev entries driver
[    0.647414] device-mapper: uevent: version 1.0.3
[    0.648424] device-mapper: ioctl: 4.37.0-ioctl (2017-09-20) initialised: dm-devel@redhat.com
[    0.650026] ledtrig-cpu: registered to indicate activity on CPUs
[    0.651722] NET: Registered protocol family 10
[    0.655945] Segment Routing with IPv6
[    0.657053] NET: Registered protocol family 17
[    0.657954] Key type dns_resolver registered
[    0.658971] mce: Using 0 MCE banks
[    0.659717] RAS: Correctable Errors collector initialized.
[    0.660860] sched_clock: Marking stable (660830663, 0)->(812760502, -151929839)
[    0.662796] registered taskstats version 1
[    0.663632] Loading compiled-in X.509 certificates
[    0.666724] Loaded X.509 cert 'Build time autogenerated kernel key: 517b2180bafe62ad6f81db3336688475b28504c0'
[    0.668651] zswap: loaded using pool lzo/zbud
[    0.672901] Key type big_key registered
[    0.673730] Key type trusted registered
[    0.676205] Key type encrypted registered
[    0.677026] AppArmor: AppArmor sha1 policy hashing enabled
[    0.678049] ima: No TPM chip found, activating TPM-bypass! (rc=-19)
[    0.679204] ima: Allocated hash algorithm: sha1
[    0.680255] evm: HMAC attrs: 0x1
[    0.681191]   Magic number: 12:192:543
[    0.682029] rtc_cmos rtc_cmos: setting system clock to 2020-11-25 17:30:13 UTC (1606325413)
[    0.683803] BIOS EDD facility v0.16 2004-Jun-25, 0 devices found
[    0.685283] EDD information not available.
[    1.062843] Freeing unused kernel image memory: 2436K
[    1.076466] Write protecting the kernel read-only data: 20480k
[    1.078744] Freeing unused kernel image memory: 2008K
[    1.080314] Freeing unused kernel image memory: 1872K
[    1.087297] x86/mm: Checked W+X mappings: passed, no W+X pages found.
[    1.088569] x86/mm: Checking user space page tables
[    1.094441] x86/mm: Checked W+X mappings: passed, no W+X pages found.
Loading, please wait...
starting version 237
[    1.151382] e1000: Intel(R) PRO/1000 Network Driver - version 7.3.21-k8-NAPI
[    1.152831] e1000: Copyright (c) 1999-2006 Intel Corporation.
[    1.156100] Fusion MPT base driver 3.04.20
[    1.156939] Copyright (c) 1999-2008 LSI Corporation
[    1.162842] Fusion MPT SPI Host driver 3.04.20
[    1.177938] AVX2 version of gcm_enc/dec engaged.
[    1.178982] AES CTR mode by8 optimization enabled
[    1.379972] input: ImExPS/2 Generic Explorer Mouse as /devices/platform/i8042/serio1/input/input4
[    1.549726] e1000 0000:00:03.0 eth0: (PCI:33MHz:32-bit) 02:3b:b1:b7:71:c1
[    1.551122] e1000 0000:00:03.0 eth0: Intel(R) PRO/1000 Network Connection
[    1.553394] mptbase: ioc0: Initiating bringup
[    1.553723] e1000 0000:00:03.0 enp0s3: renamed from eth0
[    2.119891] ioc0: LSI53C1030 A0: Capabilities={Initiator}
[    5.141767] scsi host2: ioc0: LSI53C1030 A0, FwRev=00000000h, Ports=1, MaxQ=256, IRQ=20
[    7.778321] scsi 2:0:0:0: Direct-Access     VBOX     HARDDISK         1.0  PQ: 0 ANSI: 5
[    7.808436] scsi target2:0:0: Beginning Domain Validation
[    7.813389] scsi target2:0:0: Domain Validation skipping write tests
[    7.814987] scsi target2:0:0: Ending Domain Validation
[    7.816131] scsi target2:0:0: asynchronous
[    7.817567] scsi 2:0:1:0: Direct-Access     VBOX     HARDDISK         1.0  PQ: 0 ANSI: 5
[    7.848430] scsi target2:0:1: Beginning Domain Validation
[    7.852576] random: fast init done
[    7.853942] scsi target2:0:1: Domain Validation skipping write tests
[    7.855448] scsi target2:0:1: Ending Domain Validation
[    7.856736] scsi target2:0:1: asynchronous
[    7.861819] random: systemd-udevd: uninitialized urandom read (16 bytes read)
[    7.863097] random: systemd-udevd: uninitialized urandom read (16 bytes read)
[    7.864428] random: systemd-udevd: uninitialized urandom read (16 bytes read)
[    7.866190] sd 2:0:0:0: Attached scsi generic sg0 type 0
[    7.867479] sd 2:0:0:0: [sda] 20971520 512-byte logical blocks: (10.7 GB/10.0 GiB)
[    7.868236] sd 2:0:1:0: Attached scsi generic sg1 type 0
[    7.870092] sd 2:0:0:0: [sda] Write Protect is off
[    7.870247] sd 2:0:1:0: [sdb] 20480 512-byte logical blocks: (10.5 MB/10.0 MiB)
[    7.872571] sd 2:0:1:0: [sdb] Write Protect is off
[    7.873559] sd 2:0:0:0: [sda] Incomplete mode parameter data
[    7.873725] sd 2:0:1:0: [sdb] Incomplete mode parameter data
[    7.874626] sd 2:0:0:0: [sda] Assuming drive cache: write through
[    7.875657] sd 2:0:1:0: [sdb] Assuming drive cache: write through
[    7.882514]  sda: sda1
[    7.883317] sd 2:0:1:0: [sdb] Attached SCSI disk
[    7.885309] sd 2:0:0:0: [sda] Attached SCSI disk
Begin: Loading essential drivers ... [    9.304219] raid6: sse2x1   gen() 11917 MB/s
[    9.352228] raid6: sse2x1   xor()  8303 MB/s
[    9.400271] raid6: sse2x2   gen() 14075 MB/s
[    9.448174] raid6: sse2x2   xor()  9050 MB/s
[    9.496022] raid6: sse2x4   gen() 15420 MB/s
[    9.544209] raid6: sse2x4   xor()  9749 MB/s
[    9.592157] raid6: avx2x1   gen() 22449 MB/s
[    9.640197] raid6: avx2x1   xor() 15369 MB/s
[    9.688236] raid6: avx2x2   gen() 26277 MB/s
[    9.736022] raid6: avx2x2   xor() 16134 MB/s
[    9.784218] raid6: avx2x4   gen() 29641 MB/s
[    9.832254] raid6: avx2x4   xor() 18736 MB/s
[    9.833175] raid6: using algorithm avx2x4 gen() 29641 MB/s
[    9.834311] raid6: .... xor() 18736 MB/s, rmw enabled
[    9.835257] raid6: using avx2x2 recovery algorithm
[    9.837539] xor: automatically using best checksumming function   avx       
[    9.840332] async_tx: api initialized (async)
done.
Begin: Running /scripts/init-premount ... done.
Begin: Mounting root file system ... Begin: Running /scripts/local-top ... done.
Begin: Running /scripts/local-premount ... [    9.882207] Btrfs loaded, crc32c=crc32c-intel
Scanning for Btrfs filesystems
done.
Warning: fsck not present, so skipping root file system
[    9.915354] EXT4-fs (sda1): mounted filesystem with ordered data mode. Opts: (null)
done.
Begin: Running /scripts/local-bottom ... done.
Begin: Running /scripts/init-bottom ... done.
[   10.050005] ip_tables: (C) 2000-2006 Netfilter Core Team
[   10.057472] systemd[1]: systemd 237 running in system mode. (+PAM +AUDIT +SELINUX +IMA +APPARMOR +SMACK +SYSVINIT +UTMP +LIBCRYPTSETUP +GCRYPT +GNUTLS +ACL +XZ +LZ4 +SECCOMP +BLKID +ELFUTILS +KMOD -IDN2 +IDN -PCRE2 default-hierarchy=hybrid)
[   10.061348] systemd[1]: Detected virtualization oracle.
[   10.062378] systemd[1]: Detected architecture x86-64.

Welcome to [1mUbuntu 18.04.5 LTS[0m!

[   10.081001] systemd[1]: Set hostname to <ubuntu>.
[   10.087897] systemd[1]: Initializing machine ID from random generator.
[   10.089167] systemd[1]: Installed transient /etc/machine-id file.
[   10.333426] systemd[1]: Reached target Swap.
[[0;32m  OK  [0m] Reached target Swap.
[   10.337292] systemd[1]: Created slice User and Session Slice.
[[0;32m  OK  [0m] Created slice User and Session Slice.
[   10.339483] systemd[1]: Set up automount Arbitrary Executable File Formats File System Automount Point.
[[0;32m  OK  [0m] Set up automount Arbitrary Executab…rmats File System Automount Point.
[   10.342812] systemd[1]: Created slice System Slice.
[[0;32m  OK  [0m] Created slice System Slice.
[[0;32m  OK  [0m] Listening on Journal Audit Socket.
[[0;32m  OK  [0m] Listening on udev Kernel Socket.
[[0;32m  OK  [0m] Listening on Journal Socket (/dev/log).
[[0;32m  OK  [0m] Listening on LVM2 poll daemon socket.
[[0;32m  OK  [0m] Listening on Network Service Netlink Socket.
[[0;32m  OK  [0m] Listening on LVM2 metadata daemon socket.
[[0;32m  OK  [0m] Listening on Syslog Socket.
[[0;32m  OK  [0m] Listening on udev Control Socket.
[[0;32m  OK  [0m] Listening on Journal Socket.
         Starting Journal Service...
         Mounting Kernel Debug File System...
         Starting Uncomplicated firewall...
         Starting udev Coldplug all Devices...
         Mounting Huge Pages File System...
         Mounting POSIX Message Queue File System...
         Starting Load Kernel Modules...
[[0;32m  OK  [0m] Started Forward Password Requests to Wall Directory Watch.
         Starting Remount Root and Kernel File Systems...
[[0;32m  OK  [0m] Created slice system-serial\x2dgetty.slice.
[[0;32m  OK  [0m] Listening on /dev/initctl Compatibility Named Pipe.
[   10.458832] Loading iSCSI transport class v2.0-870.
         Starting Set the console keyboard layout...
[   10.465356] iscsi: registered transport (tcp)
         Starting Create list of required st…ce nodes for the current kernel...
[[0;32m  OK  [0m] Reached target Slices.
[[0;32m  OK  [0m] Listening on Device-mapper event daemon FIFOs.
         Starting Monitoring of LVM2 mirrors…ng dmeventd or progress polling...
[   10.479097] iscsi: registered transport (iser)
[[0;32m  OK  [0m] Reached target System Time Synchronized.
[[0;32m  OK  [0m] Reached target User and Group Name Lookups.
[[0;32m  OK  [0m] Started Journal Service.
[[0;32m  OK  [0m] Mounted Kernel Debug File System.
[[0;32m  OK  [0m] Started Uncomplicated firewall.
[[0;32m  OK  [0m] Mounted Huge Pages File System.
[[0;32m  OK  [0m] Mounted POSIX Message Queue File System.
[[0;32m  OK  [0m] Started Load Kernel Modules.
         Mounting Kernel Configuration File System...
         Mounting FUSE Control File System...
         Starting Apply Kernel Variables...
[[0;32m  OK  [0m] Mounted Kernel Configuration File System.
[[0;32m  OK  [0m] Mounted FUSE Control File System.
[   10.536267] EXT4-fs (sda1): re-mounted. Opts: (null)
[[0;32m  OK  [0m] Started Remount Root and Kernel File Systems.
[[0;32m  OK  [0m] Started Create list of required sta…vice nodes for the current kernel.
[[0;32m  OK  [0m] Started udev Coldplug all Devices.
[[0;32m  OK  [0m] Started LVM2 metadata daemon.
         Starting Create Static Device Nodes in /dev...
         Starting Flush Journal to Persistent Storage...
         Starting Load/Save Random Seed...
[[0;32m  OK  [0m] Started Create Static Device Nodes in /dev.
         Starting udev Kernel Device Manager...
[[0;32m  OK  [0m] Started Monitoring of LVM2 mirrors,…sing dmeventd or progress polling.
[[0;32m  OK  [0m] Started Load/Save Random Seed.
[[0;32m  OK  [0m] Started udev Kernel Device Manager.
[[0;32m  OK  [0m] Started Apply Kernel Variables.
[[0;32m  OK  [0m] Started Flush Journal to Persistent Storage.
[[0;32m  OK  [0m] Started Set the console keyboard layout.
[[0;32m  OK  [0m] Started Dispatch Password Requests to Console Directory Watch.
[[0;32m  OK  [0m] Reached target Local Encrypted Volumes.
[[0;32m  OK  [0m] Reached target Local File Systems (Pre).
[[0;32m  OK  [0m] Reached target Local File Systems.
         Starting Set console font and keymap...
         Starting ebtables ruleset management...
         Starting AppArmor initialization...
         Starting Commit a transient machine-id on disk...
         Starting Create Volatile Files and Directories...
         Starting Tell Plymouth To Write Out Runtime Data...
[[0;32m  OK  [0m] Started Set console font and keymap.
[[0;32m  OK  [0m] Found device /dev/ttyS0.
[[0;32m  OK  [0m] Started Tell Plymouth To Write Out Runtime Data.
[[0;32m  OK  [0m] Started Create Volatile Files and Directories.
         Starting Update UTMP about System Boot/Shutdown...
[[0;32m  OK  [0m] Started Update UTMP about System Boot/Shutdown.
[[0;32m  OK  [0m] Started Commit a transient machine-id on disk.
[[0;32m  OK  [0m] Started ebtables ruleset management.
[[0;32m  OK  [0m] Listening on Load/Save RF Kill Switch Status /dev/rfkill Watch.
[[0;32m  OK  [0m] Started AppArmor initialization.
         Starting Load AppArmor profiles managed internally by snapd...
         Starting Initial cloud-init job (pre-networking)...
[[0;32m  OK  [0m] Started Load AppArmor profiles managed internally by snapd.
[   12.528456] cloud-init[585]: Cloud-init v. 20.3-2-g371b392c-0ubuntu1~18.04.1 running 'init-local' at Wed, 25 Nov 2020 17:30:25 +0000. Up 12.21 seconds.
[[0;32m  OK  [0m] Started Initial cloud-init job (pre-networking).
[[0;32m  OK  [0m] Reached target Network (Pre).
         Starting Network Service...
[[0;32m  OK  [0m] Started Network Service.
         Starting Network Name Resolution...
         Starting Wait for Network to be Configured...
[[0;32m  OK  [0m] Started Network Name Resolution.
[[0;32m  OK  [0m] Reached target Network.
[[0;32m  OK  [0m] Reached target Host and Network Name Lookups.
[[0;32m  OK  [0m] Started Wait for Network to be Configured.
         Starting Initial cloud-init job (metadata service crawler)...
[   14.531152] cloud-init[690]: Cloud-init v. 20.3-2-g371b392c-0ubuntu1~18.04.1 running 'init' at Wed, 25 Nov 2020 17:30:27 +0000. Up 14.41 seconds.
[   14.532988] cloud-init[690]: ci-info: ++++++++++++++++++++++++++++++++++++++Net device info++++++++++++++++++++++++++++++++++++++
[   14.544185] cloud-init[690]: ci-info: +--------+------+----------------------------+---------------+--------+-------------------+
[   14.556227] cloud-init[690]: ci-info: | Device |  Up  |          Address           |      Mask     | Scope  |     Hw-Address    |
[   14.557527] cloud-init[690]: ci-info: +--------+------+----------------------------+---------------+--------+-------------------+
[   14.558992] cloud-init[690]: ci-info: | enp0s3 | True |         10.0.2.15          | 255.255.255.0 | global | 02:3b:b1:b7:71:c1 |
[   14.560528] cloud-init[690]: ci-info: | enp0s3 | True | fe80::3b:b1ff:feb7:71c1/64 |       .       |  link  | 02:3b:b1:b7:71:c1 |
[   14.562155] cloud-init[690]: ci-info: |   lo   | True |         127.0.0.1          |   255.0.0.0   |  host  |         .         |
[   14.576188] cloud-init[690]: ci-info: |   lo   | True |          ::1/128           |       .       |  host  |         .         |
[   14.577920] cloud-init[690]: ci-info: +--------+------+----------------------------+---------------+--------+-------------------+
[   14.579182] cloud-init[690]: ci-info: ++++++++++++++++++++++++++++Route IPv4 info+++++++++++++++++++++++++++++
[   14.580499] cloud-init[690]: ci-info: +-------+-------------+----------+-----------------+-----------+-------+
[   14.592208] cloud-init[690]: ci-info: | Route | Destination | Gateway  |     Genmask     | Interface | Flags |
[   14.593749] cloud-init[690]: ci-info: +-------+-------------+----------+-----------------+-----------+-------+
[   14.595216] cloud-init[690]: ci-info: |   0   |   0.0.0.0   | 10.0.2.2 |     0.0.0.0     |   enp0s3  |   UG  |
[   14.596360] cloud-init[690]: ci-info: |   1   |   10.0.2.0  | 0.0.0.0  |  255.255.255.0  |   enp0s3  |   U   |
[   14.612281] cloud-init[690]: ci-info: |   2   |   10.0.2.2  | 0.0.0.0  | 255.255.255.255 |   enp0s3  |   UH  |
[   14.613766] cloud-init[690]: ci-info: +-------+-------------+----------+-----------------+-----------+-------+
[   14.615304] cloud-init[690]: ci-info: +++++++++++++++++++Route IPv6 info+++++++++++++++++++
[   14.616617] cloud-init[690]: ci-info: +-------+-------------+---------+-----------+-------+
[   14.617720] cloud-init[690]: ci-info: | Route | Destination | Gateway | Interface | Flags |
[   14.619019] cloud-init[690]: ci-info: +-------+-------------+---------+-----------+-------+
[   14.620286] cloud-init[690]: ci-info: |   1   |  fe80::/64  |    ::   |   enp0s3  |   U   |
[   14.621692] cloud-init[690]: ci-info: |   3   |    local    |    ::   |   enp0s3  |   U   |
[   14.623011] cloud-init[690]: ci-info: |   4   |   ff00::/8  |    ::   |   enp0s3  |   U   |
[   14.624339] cloud-init[690]: ci-info: +-------+-------------+---------+-----------+-------+
[   15.106019] cloud-init[690]: Generating public/private rsa key pair.
[   15.106874] cloud-init[690]: Your identification has been saved in /etc/ssh/ssh_host_rsa_key.
[   15.108381] cloud-init[690]: Your public key has been saved in /etc/ssh/ssh_host_rsa_key.pub.
[   15.109841] cloud-init[690]: The key fingerprint is:
[   15.110923] cloud-init[690]: SHA256:y2+UVOrSuMqf3AKvjIa3pq49efHMNPZM1OqLRtyEX9k root@ubuntu-bionic
[   15.112574] cloud-init[690]: The key's randomart image is:
[   15.113644] cloud-init[690]: +---[RSA 2048]----+
[   15.114516] cloud-init[690]: |                 |
[   15.115359] cloud-init[690]: |            .    |
[   15.116276] cloud-init[690]: |       . . =     |
[   15.117210] cloud-init[690]: |      . o * E    |
[   15.118128] cloud-init[690]: |     . =SB .     |
[   15.118993] cloud-init[690]: |    . B.B.=      |
[   15.119831] cloud-init[690]: |   o O Oo+       |
[   15.120723] cloud-init[690]: | .+ =+=oB+.      |
[   15.121573] cloud-init[690]: |.o+Boo*+=+o      |
[   15.122427] cloud-init[690]: +----[SHA256]-----+
[   15.123329] cloud-init[690]: Generating public/private dsa key pair.
[   15.124827] cloud-init[690]: Your identification has been saved in /etc/ssh/ssh_host_dsa_key.
[   15.126254] cloud-init[690]: Your public key has been saved in /etc/ssh/ssh_host_dsa_key.pub.
[   15.127662] cloud-init[690]: The key fingerprint is:
[   15.140482] cloud-init[690]: SHA256:xdGmGwK0nbw0IxFEKybjf4HtjlZG6bb2sKAovRzZy0Y root@ubuntu-bionic
[   15.141641] cloud-init[690]: The key's randomart image is:
[   15.142471] cloud-init[690]: +---[DSA 1024]----+
[   15.143377] cloud-init[690]: |     +*.  ..     |
[   15.144116] cloud-init[690]: |      .* o .o    |
[   15.145268] cloud-init[690]: |  o o +oB oo     |
[[0;32m  OK  [0m] Started Initial cloud-init job (metadata service crawler).
[   15.162670] cloud-init[[0;32m  OK  [0m] Reached target Cloud-config availability.
[[0;32m  OK  [0m] Reached target Network is Online.
[690]: | . + +oo.=o      |
[   15.165236] cloud-init[690]: |  . .oo S. o     |
[   15.178325] [[0;32m  OK  [0m] Reached target Remote File Systems (Pre).
[[0;32m  OK  [0m] Reached target Remote File Systems.
cloud-init         Starting Availability of block devices...
[[0;32m  OK  [0m] Reached target System Initialization.
[690]: |   +E.=.  .      |
         Starting LXD - unix socket.
[[0;32m  OK  [0m] Started Message of the Day.
[[0;32m  OK  [0m] Started Discard unused blocks once a week.
[[0;32m  OK  [0m] Started Daily apt download activities.
[[0;32m  OK  [0m] Started Daily apt upgrade and clean activities.
[   15.187520] cloud-init[690]: | .o.+++.         |
[   15.189513] cloud-init[690]: |.o.+o*oo         |
[[0;32m  OK  [0m] Started ACPI Events Check.
[[0;32m  OK  [0m] Reached target Paths.
[[0;32m  OK  [0m] Listening on D-Bus System Message Bus Socket.
         Starting Socket activation for snappy daemon.
[[0;32m  OK  [0m] Started Daily Cleanup of Temporary Directories.
[[0;32m  OK  [0m] Reached target Timers.
[[0;32m  OK  [0m] Listening on ACPID Listen Socket.
[[0;32m  OK  [0m] Listening on Open-iSCSI iscsid Socket.
[[0;32m  OK  [0m] Listening on UUID daemon activation socket.
[[0;32m  OK  [0m] Started Availability of block devices.
[[0;32m  OK  [0m] Listening on LXD - unix socket.
[[0;32m  OK  [0m] Listening on Socket activation for snappy daemon.
[[0;32m  OK  [0m] Reached target Sockets.
[[0;32m  OK  [0m] Reached target Basic System.
[   15.193533] cloud-init[690]: |o +++.o..        |
[   15.252442] cloud-init[690]: +----[SHA256]-----+
[   15.253505] cloud-init[690]: Generating public/private ecdsa key pair.
[   15.254731] cloud-init[690]: Your identification has been saved in /etc/ssh/ssh_host_ecdsa_key.
[   15.256130] cloud-init[690]: Your public key has been saved in /etc/ssh/ssh_host_ecdsa_key.pub.
         Starting Pollinate to seed the pseudo random number generator...
[   15.271290] cloud-init[690]: The key fingerprint is:
[   15.272513] [[0;32m  OK  [0m] Started Deferred execution scheduler.
cloud-init[690]: SHA256:bzF+KUWBjmxom4zKQTYDgwbpV6EjRwsR0QxqECZ4DpY root@ubuntu-bionic
[   15.275451]          Starting Accounts Service...
cloud-init[690]: The key's randomart image is:         Starting LSB: automatic crash report generation...

[   15.278637] cloud-init[690]:          Starting LSB: Record successful boot for GRUB...
+---[ECDSA 256]---+         Starting Permit User Sessions...
[[0;32m  OK  [0m] Started FUSE filesystem for LXC.
         Starting Login Service...

[   15.287623] cloud-init[690]: |OXO. ..    ..    |
[   15.292144] cloud-init[690]: |%E+oo.    .  .   |
[[0;32m  OK  [0m] Started irqbalance daemon.
[   15.309469] cloud-init[690]: |=O =.  o o  .    |
[   15.310491] cloud-init[690]: |..O.. o + ..     |
[   15.311731] cloud-init[690]: | o.o + +S o .    |
[   15.314095] cloud-init[690]: |  . . +  o + .   |
[   15.328406] cloud-init[690]: | . o      = o    |
[   15.329374] cloud-init[690]: |  o      . o     |
[   15.330550] cloud-init[690]: |                 |
[   15.331379] cloud-init[690]: +----[SHA256]-----+
[   15.332374] cloud-init[690]: Generating public/private ed25519 key pair.
[   15.333553] cloud-init[690]: Your identification has been saved in /etc/ssh/ssh_host_ed25519_key.
[   15.334775] cloud-init[690]: Your public key has been saved in /etc/ssh/ssh_host_ed25519_key.pub.
[   15.336421] cloud-init[690]: The key fingerprint is:
[   15.352448] cloud-init[690]: SHA256:4+VBWEPDSSaSBM5pUhxiMLR5FY6X+kZUpwCqs9X7MYg root@ubuntu-bionic
         Starting Dispatcher daemon for systemd-networkd...
[   15.369113] cloud-init[690]: The key's randomart image is:
[   15.385955] cloud-init[690]: +--[ED25519 256]--+
[   15.387500] cloud-init[690]: |+ooo=B+o.=B.     |
         Starting Snap Daemon...
[   15.403169] cloud-init[690]: | o+==.=.o=oo     |
[   15.405117] cloud-init[690]: | +.o== .. .      |
[   15.405775] cloud-init[690]: |. .++    .       |
[   15.406296] cloud-init[690]: |o ....  S o      |
[   15.406989] cloud-init[690]: | + .oo . + .     |
[   15.416278] cloud-init[690]: |. E ooo . .      |
[   15.428285] cloud-init[690]: |    .. o         |
[   15.430002] cloud-init[690]: |      .          |
[   15.430974] cloud-init[690]: +----[SHA256]-----+
[[0;32m  OK  [0m] Started Regular background program processing daemon.
         Starting Virtualbox guest utils...
         Starting System Logging Service...
[[0;32m  OK  [0m] Started D-Bus System Message Bus.
[[0;32m  OK  [0m] Started Login Service.
[[0;32m  OK  [0m] Started Unattended Upgrades Shutdown.
         Starting LXD - container startup/shutdown...
[[0;32m  OK  [0m] Started Permit User Sessions.
         Starting Terminate Plymouth Boot Screen...
         Starting Hold until boot process finishes up...
[[0;32m  OK  [0m] Started System Logging Service.
[[0;32m  OK  [0m] Started Hold until boot process finishes up.
         Starting Set console scheme...
[[0;32m  OK  [0m] Started Serial Getty on ttyS0.
[[0;32m  OK  [0m] Started Terminate Plymouth Boot Screen.
[[0;32m  OK  [0m] Started LSB: automatic crash report generation.
[[0;32m  OK  [0m] Started Set console scheme.
[[0;32m  OK  [0m] Created slice system-getty.slice.
[[0;32m  OK  [0m] Started Getty on tty1.
[[0;32m  OK  [0m] Reached target Login Prompts.
         Starting Authorization Manager...
[[0;32m  OK  [0m] Started LSB: Record successful boot for GRUB.
[[0;32m  OK  [0m] Started LXD - container startup/shutdown.
[[0;32m  OK  [0m] Started Authorization Manager.
[[0;32m  OK  [0m] Started Accounts Service.
[[0;32m  OK  [0m] Started Virtualbox guest utils.
[[0;32m  OK  [0m] Started Dispatcher daemon for systemd-networkd.
[[0;32m  OK  [0m] Started Snap Daemon.
         Starting Wait until snapd is fully seeded...
[[0;32m  OK  [0m] Started Pollinate to seed the pseudo random number generator.
         Starting OpenBSD Secure Shell server...
[[0;32m  OK  [0m] Started OpenBSD Secure Shell server.

Ubuntu 18.04.5 LTS ubuntu-bionic ttyS0

ubuntu-bionic login: [   31.445264] cloud-init[2259]: Cloud-init v. 20.3-2-g371b392c-0ubuntu1~18.04.1 running 'modules:config' at Wed, 25 Nov 2020 17:30:43 +0000. Up 31.12 seconds.
ci-info: no authorized SSH keys fingerprints found for user ubuntu.
<14>Nov 25 17:30:44 ec2: 
<14>Nov 25 17:30:44 ec2: #############################################################
<14>Nov 25 17:30:44 ec2: -----BEGIN SSH HOST KEY FINGERPRINTS-----
<14>Nov 25 17:30:44 ec2: 1024 SHA256:xdGmGwK0nbw0IxFEKybjf4HtjlZG6bb2sKAovRzZy0Y root@ubuntu-bionic (DSA)
<14>Nov 25 17:30:44 ec2: 256 SHA256:bzF+KUWBjmxom4zKQTYDgwbpV6EjRwsR0QxqECZ4DpY root@ubuntu-bionic (ECDSA)
<14>Nov 25 17:30:44 ec2: 256 SHA256:4+VBWEPDSSaSBM5pUhxiMLR5FY6X+kZUpwCqs9X7MYg root@ubuntu-bionic (ED25519)
<14>Nov 25 17:30:44 ec2: 2048 SHA256:y2+UVOrSuMqf3AKvjIa3pq49efHMNPZM1OqLRtyEX9k root@ubuntu-bionic (RSA)
<14>Nov 25 17:30:44 ec2: -----END SSH HOST KEY FINGERPRINTS-----
<14>Nov 25 17:30:44 ec2: #############################################################
-----BEGIN SSH HOST KEY KEYS-----
ecdsa-sha2-nistp256 AAAAE2VjZHNhLXNoYTItbmlzdHAyNTYAAAAIbmlzdHAyNTYAAABBBME/SPoe3pPWM9RoxmNk1u7pwM0b6mZW6tSz+NXf0t4pzbKavIcuYNviurnesCI3R6dpqEIpKOQZEAF0HC9NYJ4= root@ubuntu-bionic
ssh-ed25519 AAAAC3NzaC1lZDI1NTE5AAAAIE+xtbncOylGkkQ5LU4EnHjvwKJRQfaenBqvD8raiK5t root@ubuntu-bionic
ssh-rsa AAAAB3NzaC1yc2EAAAADAQABAAABAQDEA9k5MTx6kco/v7eOkXE19YDEQyKBV2rGQkutkNxvwT0OeJO+jEWKdL6s89XJfy0YEsc6OnaCHs8t/LL58A7mbzJl2hIPLIdxwnAPN+oC+EA76FwGHJxjWFf5o0r+1o2Q7iKUz670AglPeDGqgR5pFlfFUdWJJMgT+Wey/VQo0wi1VOxaQYz2wshkXrf/j/l27JKAkWLH8htrNd77oqd4w75kYcoKAHmm6zCBSqnP0/wxLMCatgcRidgxp0XmG1Eiy+p4kMZDGqnoiAAtwBZrtIseJoWb+PCHfepHir0QSrjBKjGYQ2s5YzRfDv5SM5tACClo7aBgE7JKD8JmNon1 root@ubuntu-bionic
-----END SSH HOST KEY KEYS-----
[   31.916343] cloud-init[2326]: Cloud-init v. 20.3-2-g371b392c-0ubuntu1~18.04.1 running 'modules:final' at Wed, 25 Nov 2020 17:30:44 +0000. Up 31.78 seconds.
[   31.917979] cloud-init[2326]: ci-info: no authorized SSH keys fingerprints found for user ubuntu.
[   31.919083] cloud-init[2326]: Cloud-init v. 20.3-2-g371b392c-0ubuntu1~18.04.1 finished at Wed, 25 Nov 2020 17:30:44 +0000. Datasource DataSourceNoCloud [seed=/dev/sdb][dsmode=net].  Up 31.91 seconds
